<?xml version="1.0" encoding="UTF-8"?>
<!-- Generated by org.testng.reporters.JUnitXMLReporter -->
<testsuite ignored="0" hostname="DELL_AVGRJ" failures="1" tests="12" name="TutorialsNinjaTests" time="125.25" errors="0" timestamp="2024-01-08T18:52:50 CST">
  <testcase classname="com.tutorialsninja.qa.tests.Register" name="VerifyRegisterAnaccountWithMandatoryFeilds" time="1.618"/>
  <testcase classname="com.tutorialsninja.qa.tests.Register" name="verifyRegisteringAccountByProvidingAllFields" time="1.369"/>
  <testcase classname="com.tutorialsninja.qa.tests.LoginTest" name="verifyLoginWithValidCreds" time="1.115"/>
  <testcase classname="com.tutorialsninja.qa.tests.LoginTest" name="verifyLoginWithValidCreds" time="1.194"/>
  <testcase classname="com.tutorialsninja.qa.tests.LoginTest" name="verifyLoginWithValidCreds" time="1.305"/>
  <testcase classname="com.tutorialsninja.qa.tests.LoginTest" name="verifyloginWithInvalidCreds" time="3.852"/>
  <testcase classname="com.tutorialsninja.qa.tests.LoginTest" name="verifyloginWithValidPasswordInvalidEmail" time="0.704"/>
  <testcase classname="com.tutorialsninja.qa.tests.LoginTest" name="verifyloginWithVlaiddEmailInvalidPswd" time="3.73"/>
  <testcase classname="com.tutorialsninja.qa.tests.LoginTest" name="verifyloginWithoutCreds" time="0.688"/>
  <testcase classname="com.tutorialsninja.qa.tests.Search" name="verifySearchWithValidProduct" time="5.906"/>
  <testcase classname="com.tutorialsninja.qa.tests.Search" name="verifySearchWithInvalidProduct" time="0.602">
    <failure type="java.lang.AssertionError" message="verifySearchWithInvalidProductassertion falied expected [There is  product that matches the search criteria.] but found [There is no product that matches the search criteria.]">
      <![CDATA[java.lang.AssertionError: verifySearchWithInvalidProductassertion falied expected [There is  product that matches the search criteria.] but found [There is no product that matches the search criteria.]
at com.tutorialsninja.qa.tests.Search.verifySearchWithInvalidProduct(Search.java:49)
at java.base/java.util.ArrayList.forEach(ArrayList.java:1596)
... Removed 30 stack frames]]>
    </failure>
  </testcase> <!-- verifySearchWithInvalidProduct -->
  <testcase classname="com.tutorialsninja.qa.tests.Search" name="verifySearchWithOutAnyPrtoduct" time="0.0">
    <skipped/>
  </testcase> <!-- verifySearchWithOutAnyPrtoduct -->
</testsuite> <!-- TutorialsNinjaTests -->
