<?xml version="1.0" encoding="UTF-8"?>
<testng-results ignored="0" total="1" passed="1" failed="0" skipped="0">
  <reporter-output>
  </reporter-output>
  <suite started-at="2024-01-10T21:33:52 CST" name="Default suite" finished-at="2024-01-10T21:34:05 CST" duration-ms="12500">
    <groups>
    </groups>
    <test started-at="2024-01-10T21:33:52 CST" name="Default test" finished-at="2024-01-10T21:34:05 CST" duration-ms="12500">
      <class name="com.tutorialsninja.qa.tests.brainyquoteTest">
        <test-method signature="brainyquoteMethod()[pri:0, instance:com.tutorialsninja.qa.tests.brainyquoteTest@a38c7fe]" started-at="2024-01-10T21:33:52 CST" name="brainyquoteMethod" finished-at="2024-01-10T21:34:05 CST" duration-ms="12471" status="PASS">
          <reporter-output>
          </reporter-output>
        </test-method> <!-- brainyquoteMethod -->
      </class> <!-- com.tutorialsninja.qa.tests.brainyquoteTest -->
    </test> <!-- Default test -->
  </suite> <!-- Default suite -->
</testng-results>
